<?xml version="1.0" encoding="UTF-8"?>
<!-- Generated by org.testng.reporters.JUnitXMLReporter -->
<testsuite ignored="6" hostname="imran-DevOps" failures="0" tests="3" name="Surefire test" time="71.6" errors="0" timestamp="2022-05-25T16:50:40 BDT">
  <testcase classname="tests.CurrencyTest" name="currencyTest" time="35.201"/>
  <testcase classname="tests.FirstTest" name="test1" time="10.125"/>
  <testcase classname="tests.SecondTest" name="testFieldBlank" time="7.076"/>
  <testcase classname="tests.BaseTest" name="@BeforeTest startUp" time="0.0">
    <ignored/>
  </testcase> <!-- @BeforeTest startUp -->
  <testcase classname="tests.BaseTest" name="@BeforeTest startUp" time="0.0">
    <ignored/>
  </testcase> <!-- @BeforeTest startUp -->
  <testcase classname="tests.BaseTest" name="@BeforeTest startUp" time="0.0">
    <ignored/>
  </testcase> <!-- @BeforeTest startUp -->
  <testcase classname="tests.BaseTest" name="@AfterTest tearDown" time="0.0">
    <ignored/>
  </testcase> <!-- @AfterTest tearDown -->
  <testcase classname="tests.BaseTest" name="@AfterTest tearDown" time="0.0">
    <ignored/>
  </testcase> <!-- @AfterTest tearDown -->
  <testcase classname="tests.BaseTest" name="@AfterTest tearDown" time="0.0">
    <ignored/>
  </testcase> <!-- @AfterTest tearDown -->
</testsuite> <!-- Surefire test -->
