<?xml version="1.0" encoding="UTF-8"?>
<testng-results ignored="6" total="9" passed="3" failed="0" skipped="0">
  <reporter-output>
  </reporter-output>
  <suite started-at="2022-05-25T16:49:28 BDT" name="Surefire suite" finished-at="2022-05-25T16:50:40 BDT" duration-ms="71600">
    <groups>
    </groups>
    <test started-at="2022-05-25T16:49:28 BDT" name="Surefire test" finished-at="2022-05-25T16:50:40 BDT" duration-ms="71600">
      <class name="tests.FirstTest">
        <test-method signature="test1()[pri:0, instance:tests.FirstTest@145eaa29]" started-at="2022-05-25T16:50:23 BDT" name="test1" finished-at="2022-05-25T16:50:33 BDT" duration-ms="10125" status="PASS">
          <reporter-output>
          </reporter-output>
        </test-method> <!-- test1 -->
      </class> <!-- tests.FirstTest -->
      <class name="tests.CurrencyTest">
        <test-method signature="currencyTest()[pri:0, instance:tests.CurrencyTest@6328d34a]" started-at="2022-05-25T16:49:48 BDT" name="currencyTest" finished-at="2022-05-25T16:50:23 BDT" duration-ms="35201" status="PASS">
          <reporter-output>
          </reporter-output>
        </test-method> <!-- currencyTest -->
      </class> <!-- tests.CurrencyTest -->
      <class name="tests.SecondTest">
        <test-method signature="testFieldBlank()[pri:0, instance:tests.SecondTest@15bb6bea]" started-at="2022-05-25T16:50:33 BDT" name="testFieldBlank" finished-at="2022-05-25T16:50:40 BDT" duration-ms="7076" status="PASS">
          <reporter-output>
          </reporter-output>
        </test-method> <!-- testFieldBlank -->
      </class> <!-- tests.SecondTest -->
      <class name="tests.BaseTest">
        <test-method is-config="true" signature="startUp()[pri:0, instance:tests.BaseTest@18a70f16]" started-at="2022-05-25T16:49:28 BDT" name="startUp" finished-at="2022-05-25T16:49:48 BDT" duration-ms="19053" status="PASS">
          <reporter-output>
          </reporter-output>
        </test-method> <!-- startUp -->
        <test-method is-config="true" signature="tearDown()[pri:0, instance:tests.BaseTest@18a70f16]" started-at="2022-05-25T16:50:40 BDT" name="tearDown" finished-at="2022-05-25T16:50:40 BDT" duration-ms="106" status="PASS">
          <reporter-output>
          </reporter-output>
        </test-method> <!-- tearDown -->
      </class> <!-- tests.BaseTest -->
    </test> <!-- Surefire test -->
  </suite> <!-- Surefire suite -->
</testng-results>
